<?xml version="1.0" encoding="UTF-8"?>
<!-- Generated by org.testng.reporters.JUnitReportReporter -->
<testsuite skipped="2" hostname="LAPTOP-H2QSPOA2" name="com.bit.ly.Stepdefinition" tests="3" failures="0" timestamp="14 Dec 2022 20:07:11 GMT" time="4.071" errors="0">
  <testcase name="getGroupInfo" time="4.071" classname="com.bit.ly.Stepdefinition"/>
  <testcase name="getGroupNsort" classname="com.bit.ly.Stepdefinition">
    <skipped/>
  </testcase> <!-- getGroupNsort -->
  <testcase name="post1" classname="com.bit.ly.Stepdefinition">
    <skipped/>
  </testcase> <!-- post1 -->
</testsuite> <!-- com.bit.ly.Stepdefinition -->
